#
# There is insufficient memory for the Java Runtime Environment to continue.
# Native memory allocation (malloc) failed to allocate 32744 bytes for ChunkPool::allocate
# Possible reasons:
#   The system is out of physical RAM or swap space
#   The process is running with CompressedOops enabled, and the Java Heap may be blocking the growth of the native heap
# Possible solutions:
#   Reduce memory load on the system
#   Increase physical memory or swap space
#   Check if swap backing store is full
#   Decrease Java heap size (-Xmx/-Xms)
#   Decrease number of Java threads
#   Decrease Java thread stack sizes (-Xss)
#   Set larger code cache with -XX:ReservedCodeCacheSize=
#   JVM is running with Unscaled Compressed Oops mode in which the Java heap is
#     placed in the first 4GB address space. The Java Heap base address is the
#     maximum limit for the native heap growth. Please use -XX:HeapBaseMinAddress
#     to set the Java Heap base and to place the Java Heap above 4GB virtual address.
# This output file may be truncated or incomplete.
#
#  Out of Memory Error (allocation.cpp:272), pid=9176, tid=0x00000000000021e4
#
# JRE version: OpenJDK Runtime Environment (8.0_212-b04) (build 1.8.0_212-release-1586-b04)
# Java VM: OpenJDK 64-Bit Server VM (25.212-b04 mixed mode windows-amd64 compressed oops)
# Failed to write core dump. Minidumps are not enabled by default on client versions of Windows
#

---------------  T H R E A D  ---------------

Current thread (0x00000000183b4800):  JavaThread "C2 CompilerThread2" daemon [_thread_in_native, id=8676, stack(0x0000000018e80000,0x0000000018f80000)]

Stack: [0x0000000018e80000,0x0000000018f80000]
[error occurred during error reporting (printing stack bounds), id 0xc0000005]

Native frames: (J=compiled Java code, j=interpreted, Vv=VM code, C=native code)


Current CompileTask:
C2: 268952 10584   !   4       java.lang.reflect.Executable::sharedToGenericString (329 bytes)


---------------  P R O C E S S  ---------------

Java Threads: ( => current thread )
  0x000000001dde3000 JavaThread "Memory manager" [_thread_blocked, id=11400, stack(0x000000001cba0000,0x000000001cca0000)]
  0x000000001ddd8800 JavaThread "Cache worker for Build Output Cleanup Cache (C:\Users\Amos Mwiti\Desktop\objectbox-examples\.gradle\buildOutputCleanup)" [_thread_blocked, id=1820, stack(0x0000000000b40000,0x0000000000c40000)]
  0x000000001dde1800 JavaThread "Build operations Thread 8" [_thread_blocked, id=5956, stack(0x0000000024070000,0x0000000024170000)]
  0x000000001dde2000 JavaThread "Build operations Thread 7" [_thread_blocked, id=4268, stack(0x0000000023f70000,0x0000000024070000)]
  0x000000001ddde800 JavaThread "Build operations Thread 6" [_thread_blocked, id=8456, stack(0x0000000023e70000,0x0000000023f70000)]
  0x000000001ddda000 JavaThread "Build operations Thread 5" [_thread_blocked, id=5336, stack(0x0000000023d70000,0x0000000023e70000)]
  0x000000001dddf000 JavaThread "Build operations Thread 4" [_thread_blocked, id=8912, stack(0x0000000023c70000,0x0000000023d70000)]
  0x000000001dde0800 JavaThread "Build operations Thread 3" [_thread_blocked, id=8916, stack(0x0000000023b70000,0x0000000023c70000)]
  0x000000001dde0000 JavaThread "Build operations Thread 2" [_thread_blocked, id=7224, stack(0x0000000023a70000,0x0000000023b70000)]
  0x000000001dddd000 JavaThread "Build operations" [_thread_blocked, id=1432, stack(0x0000000023970000,0x0000000023a70000)]
  0x000000001b0be000 JavaThread "Cache worker for execution history cache (C:\Users\Amos Mwiti\.gradle\caches\6.3\executionHistory)" [_thread_blocked, id=7096, stack(0x0000000020d50000,0x0000000020e50000)]
  0x000000001b0bc800 JavaThread "Cache worker for cache directory md-rule (C:\Users\Amos Mwiti\.gradle\caches\6.3\md-rule)" [_thread_blocked, id=9436, stack(0x0000000020880000,0x0000000020980000)]
  0x000000001b0bf800 JavaThread "Cache worker for cache directory md-supplier (C:\Users\Amos Mwiti\.gradle\caches\6.3\md-supplier)" [_thread_blocked, id=4796, stack(0x000000001f740000,0x000000001f840000)]
  0x000000001b0bc000 JavaThread "Cache worker for file hash cache (C:\Users\Amos Mwiti\Desktop\objectbox-examples\.gradle\6.3\fileHashes)" [_thread_blocked, id=11612, stack(0x0000000020a50000,0x0000000020b50000)]
  0x000000001b0bf000 JavaThread "Cache worker for checksums cache (C:\Users\Amos Mwiti\Desktop\objectbox-examples\.gradle\checksums)" [_thread_blocked, id=6396, stack(0x000000001f440000,0x000000001f540000)]
  0x000000001b0ba000 JavaThread "Cache worker for file hash cache (C:\Users\Amos Mwiti\.gradle\caches\6.3\fileHashes)" [_thread_blocked, id=4244, stack(0x000000001d1a0000,0x000000001d2a0000)]
  0x000000001b0bd800 JavaThread "File lock request listener" [_thread_in_native, id=12756, stack(0x000000001d0a0000,0x000000001d1a0000)]
  0x000000001b0f7800 JavaThread "Cache worker for journal cache (C:\Users\Amos Mwiti\.gradle\caches\journal-1)" [_thread_blocked, id=1404, stack(0x000000001cfa0000,0x000000001d0a0000)]
  0x000000001adbb000 JavaThread "Thread-9" [_thread_blocked, id=1260, stack(0x000000001cca0000,0x000000001cda0000)]
  0x000000001acc9800 JavaThread "Asynchronous log dispatcher for DefaultDaemonConnection: socket connection from /127.0.0.1:55631 to /127.0.0.1:55632" [_thread_blocked, id=11476, stack(0x000000001c9a0000,0x000000001caa0000)]
  0x000000001acc8000 JavaThread "Daemon worker" [_thread_in_vm, id=10648, stack(0x000000001c8a0000,0x000000001c9a0000)]
  0x000000001aed8800 JavaThread "Cancel handler" [_thread_blocked, id=9488, stack(0x000000001c7a0000,0x000000001c8a0000)]
  0x000000001ab6b000 JavaThread "Handler for socket connection from /127.0.0.1:55631 to /127.0.0.1:55632" [_thread_in_native, id=2000, stack(0x000000001c4a0000,0x000000001c5a0000)]
  0x000000001ab6a000 JavaThread "Daemon" [_thread_blocked, id=6384, stack(0x000000001c3a0000,0x000000001c4a0000)]
  0x000000001aa6a000 JavaThread "Daemon periodic checks" [_thread_blocked, id=2016, stack(0x000000001c2a0000,0x000000001c3a0000)]
  0x000000001aa68800 JavaThread "Incoming local TCP Connector on port 55631" [_thread_in_native, id=7404, stack(0x000000001c060000,0x000000001c160000)]
  0x000000001aee1800 JavaThread "Daemon health stats" [_thread_blocked, id=3392, stack(0x000000001ba20000,0x000000001bb20000)]
  0x0000000018443800 JavaThread "Service Thread" daemon [_thread_blocked, id=12352, stack(0x0000000019080000,0x0000000019180000)]
  0x00000000183b8800 JavaThread "C1 CompilerThread3" daemon [_thread_blocked, id=9452, stack(0x0000000018f80000,0x0000000019080000)]
=>0x00000000183b4800 JavaThread "C2 CompilerThread2" daemon [_thread_in_native, id=8676, stack(0x0000000018e80000,0x0000000018f80000)]
  0x00000000183b0800 JavaThread "C2 CompilerThread1" daemon [_thread_in_native, id=5824, stack(0x0000000018d80000,0x0000000018e80000)]
  0x00000000183ad000 JavaThread "C2 CompilerThread0" daemon [_thread_in_native, id=4440, stack(0x0000000018c80000,0x0000000018d80000)]
  0x00000000183ac000 JavaThread "Attach Listener" daemon [_thread_blocked, id=8304, stack(0x0000000018b80000,0x0000000018c80000)]
  0x00000000183a9000 JavaThread "Signal Dispatcher" daemon [_thread_blocked, id=6536, stack(0x0000000018a80000,0x0000000018b80000)]
  0x00000000183a1000 JavaThread "Finalizer" daemon [_thread_blocked, id=8600, stack(0x0000000018880000,0x0000000018980000)]
  0x00000000183a0800 JavaThread "Reference Handler" daemon [_thread_blocked, id=5448, stack(0x0000000018780000,0x0000000018880000)]
  0x00000000025fe800 JavaThread "main" [_thread_blocked, id=9464, stack(0x0000000002600000,0x0000000002700000)]

Other Threads:
  0x00000000165b6000 VMThread [stack: 0x0000000018280000,0x0000000018380000] [id=7792]
  0x0000000018444800 WatcherThread [stack: 0x0000000019180000,0x0000000019280000] [id=7556]

VM state:not at safepoint (normal execution)

VM Mutex/Monitor currently owned by a thread: None

heap address: 0x00000000a0000000, size: 1536 MB, Compressed Oops mode: 32-bit
Narrow klass base: 0x0000000000000000, Narrow klass shift: 3
Compressed class space size: 1073741824 Address: 0x0000000100000000

Heap:
 PSYoungGen      total 178176K, used 94662K [0x00000000e0000000, 0x00000000ec600000, 0x0000000100000000)
  eden space 153600K, 52% used [0x00000000e0000000,0x00000000e4f53510,0x00000000e9600000)
  from space 24576K, 54% used [0x00000000eae00000,0x00000000ebb1e508,0x00000000ec600000)
  to   space 24576K, 0% used [0x00000000e9600000,0x00000000e9600000,0x00000000eae00000)
 ParOldGen       total 139776K, used 35625K [0x00000000a0000000, 0x00000000a8880000, 0x00000000e0000000)
  object space 139776K, 25% used [0x00000000a0000000,0x00000000a22ca698,0x00000000a8880000)
 Metaspace       used 69480K, capacity 72776K, committed 73008K, reserved 1112064K
  class space    used 8973K, capacity 9728K, committed 9776K, reserved 1048576K

Card table byte_map: [0x0000000011bc0000,0x0000000011ed0000] byte_map_base: 0x00000000116c0000

Marking Bits: (ParMarkBitMap*) 0x0000000058da9f30
 Begin Bits: [0x00000000128d0000, 0x00000000140d0000)
 End Bits:   [0x00000000140d0000, 0x00000000158d0000)

Polling page: 0x0000000000720000

CodeCache: size=245760Kb used=31959Kb max_used=31959Kb free=213800Kb
 bounds [0x0000000002800000, 0x0000000004760000, 0x0000000011800000]
 total_blobs=9774 nmethods=8936 adapters=750
 compilation: enabled

Compilation events (10 events):
Event: 268.923 Thread 0x00000000183b8800 10676       3       org.objectweb.asm.MethodVisitor::visitLocalVariable (24 bytes)
Event: 268.924 Thread 0x00000000183b8800 nmethod 10676 0x000000000474ee50 code [0x000000000474efc0, 0x000000000474f228]
Event: 268.926 Thread 0x00000000183b8800 10677   !   3       sun.nio.ch.FileChannelImpl::implCloseChannel (132 bytes)
Event: 268.927 Thread 0x00000000183b8800 nmethod 10677 0x000000000474f310 code [0x000000000474f560, 0x0000000004750568]
Event: 268.927 Thread 0x00000000183b8800 10679       3       org.objectweb.asm.ClassReader::readField (667 bytes)
Event: 268.933 Thread 0x00000000183b8800 nmethod 10679 0x0000000004750b10 code [0x0000000004751060, 0x00000000047547f8]
Event: 268.933 Thread 0x00000000183b8800 10678  s!   3       sun.nio.ch.NativeThreadSet::signalAndWait (134 bytes)
Event: 268.933 Thread 0x00000000183b8800 nmethod 10678 0x0000000004757a10 code [0x0000000004757bc0, 0x0000000004758398]
Event: 268.933 Thread 0x00000000183b8800 10680       3       org.gradle.internal.resource.UriTextResource$UriResourceLocation::getFile (8 bytes)
Event: 268.934 Thread 0x00000000183b8800 nmethod 10680 0x0000000004758710 code [0x0000000004758860, 0x00000000047589d0]

GC Heap History (10 events):
Event: 250.722 GC heap before
{Heap before GC invocations=31 (full 2):
 PSYoungGen      total 160256K, used 150451K [0x00000000e0000000, 0x00000000eb380000, 0x0000000100000000)
  eden space 138752K, 97% used [0x00000000e0000000,0x00000000e8443340,0x00000000e8780000)
  from space 21504K, 69% used [0x00000000e9d00000,0x00000000eaba9910,0x00000000eb200000)
  to   space 22016K, 0% used [0x00000000e8780000,0x00000000e8780000,0x00000000e9d00000)
 ParOldGen       total 86528K, used 17744K [0x00000000a0000000, 0x00000000a5480000, 0x00000000e0000000)
  object space 86528K, 20% used [0x00000000a0000000,0x00000000a1154398,0x00000000a5480000)
 Metaspace       used 56923K, capacity 59060K, committed 59160K, reserved 1101824K
  class space    used 7290K, capacity 7787K, committed 7856K, reserved 1048576K
Event: 250.739 GC heap after
Heap after GC invocations=31 (full 2):
 PSYoungGen      total 160768K, used 21990K [0x00000000e0000000, 0x00000000ec000000, 0x0000000100000000)
  eden space 138752K, 0% used [0x00000000e0000000,0x00000000e0000000,0x00000000e8780000)
  from space 22016K, 99% used [0x00000000e8780000,0x00000000e9cf9948,0x00000000e9d00000)
  to   space 25600K, 0% used [0x00000000ea700000,0x00000000ea700000,0x00000000ec000000)
 ParOldGen       total 86528K, used 19248K [0x00000000a0000000, 0x00000000a5480000, 0x00000000e0000000)
  object space 86528K, 22% used [0x00000000a0000000,0x00000000a12cc1b0,0x00000000a5480000)
 Metaspace       used 56923K, capacity 59060K, committed 59160K, reserved 1101824K
  class space    used 7290K, capacity 7787K, committed 7856K, reserved 1048576K
}
Event: 250.739 GC heap before
{Heap before GC invocations=32 (full 3):
 PSYoungGen      total 160768K, used 21990K [0x00000000e0000000, 0x00000000ec000000, 0x0000000100000000)
  eden space 138752K, 0% used [0x00000000e0000000,0x00000000e0000000,0x00000000e8780000)
  from space 22016K, 99% used [0x00000000e8780000,0x00000000e9cf9948,0x00000000e9d00000)
  to   space 25600K, 0% used [0x00000000ea700000,0x00000000ea700000,0x00000000ec000000)
 ParOldGen       total 86528K, used 19248K [0x00000000a0000000, 0x00000000a5480000, 0x00000000e0000000)
  object space 86528K, 22% used [0x00000000a0000000,0x00000000a12cc1b0,0x00000000a5480000)
 Metaspace       used 56923K, capacity 59060K, committed 59160K, reserved 1101824K
  class space    used 7290K, capacity 7787K, committed 7856K, reserved 1048576K
Event: 250.980 GC heap after
Heap after GC invocations=32 (full 3):
 PSYoungGen      total 160768K, used 0K [0x00000000e0000000, 0x00000000ec000000, 0x0000000100000000)
  eden space 138752K, 0% used [0x00000000e0000000,0x00000000e0000000,0x00000000e8780000)
  from space 22016K, 0% used [0x00000000e8780000,0x00000000e8780000,0x00000000e9d00000)
  to   space 25600K, 0% used [0x00000000ea700000,0x00000000ea700000,0x00000000ec000000)
 ParOldGen       total 139776K, used 35601K [0x00000000a0000000, 0x00000000a8880000, 0x00000000e0000000)
  object space 139776K, 25% used [0x00000000a0000000,0x00000000a22c4698,0x00000000a8880000)
 Metaspace       used 56779K, capacity 58760K, committed 59160K, reserved 1101824K
  class space    used 7250K, capacity 7712K, committed 7856K, reserved 1048576K
}
Event: 257.400 GC heap before
{Heap before GC invocations=33 (full 3):
 PSYoungGen      total 160768K, used 138752K [0x00000000e0000000, 0x00000000ec000000, 0x0000000100000000)
  eden space 138752K, 100% used [0x00000000e0000000,0x00000000e8780000,0x00000000e8780000)
  from space 22016K, 0% used [0x00000000e8780000,0x00000000e8780000,0x00000000e9d00000)
  to   space 25600K, 0% used [0x00000000ea700000,0x00000000ea700000,0x00000000ec000000)
 ParOldGen       total 139776K, used 35601K [0x00000000a0000000, 0x00000000a8880000, 0x00000000e0000000)
  object space 139776K, 25% used [0x00000000a0000000,0x00000000a22c4698,0x00000000a8880000)
 Metaspace       used 65210K, capacity 67944K, committed 68016K, reserved 1107968K
  class space    used 8441K, capacity 9115K, committed 9136K, reserved 1048576K
Event: 257.417 GC heap after
Heap after GC invocations=33 (full 3):
 PSYoungGen      total 170496K, used 17230K [0x00000000e0000000, 0x00000000ec280000, 0x0000000100000000)
  eden space 144896K, 0% used [0x00000000e0000000,0x00000000e0000000,0x00000000e8d80000)
  from space 25600K, 67% used [0x00000000ea700000,0x00000000eb7d3ad0,0x00000000ec000000)
  to   space 26112K, 0% used [0x00000000e8d80000,0x00000000e8d80000,0x00000000ea700000)
 ParOldGen       total 139776K, used 35609K [0x00000000a0000000, 0x00000000a8880000, 0x00000000e0000000)
  object space 139776K, 25% used [0x00000000a0000000,0x00000000a22c6698,0x00000000a8880000)
 Metaspace       used 65210K, capacity 67944K, committed 68016K, reserved 1107968K
  class space    used 8441K, capacity 9115K, committed 9136K, reserved 1048576K
}
Event: 265.959 GC heap before
{Heap before GC invocations=34 (full 3):
 PSYoungGen      total 170496K, used 162126K [0x00000000e0000000, 0x00000000ec280000, 0x0000000100000000)
  eden space 144896K, 100% used [0x00000000e0000000,0x00000000e8d80000,0x00000000e8d80000)
  from space 25600K, 67% used [0x00000000ea700000,0x00000000eb7d3ad0,0x00000000ec000000)
  to   space 26112K, 0% used [0x00000000e8d80000,0x00000000e8d80000,0x00000000ea700000)
 ParOldGen       total 139776K, used 35609K [0x00000000a0000000, 0x00000000a8880000, 0x00000000e0000000)
  object space 139776K, 25% used [0x00000000a0000000,0x00000000a22c6698,0x00000000a8880000)
 Metaspace       used 65368K, capacity 68208K, committed 68272K, reserved 1107968K
  class space    used 8441K, capacity 9115K, committed 9136K, reserved 1048576K
Event: 265.970 GC heap after
Heap after GC invocations=34 (full 3):
 PSYoungGen      total 171008K, used 14474K [0x00000000e0000000, 0x00000000ec700000, 0x0000000100000000)
  eden space 144896K, 0% used [0x00000000e0000000,0x00000000e0000000,0x00000000e8d80000)
  from space 26112K, 55% used [0x00000000e8d80000,0x00000000e9ba2b18,0x00000000ea700000)
  to   space 25600K, 0% used [0x00000000eae00000,0x00000000eae00000,0x00000000ec700000)
 ParOldGen       total 139776K, used 35617K [0x00000000a0000000, 0x00000000a8880000, 0x00000000e0000000)
  object space 139776K, 25% used [0x00000000a0000000,0x00000000a22c8698,0x00000000a8880000)
 Metaspace       used 65368K, capacity 68208K, committed 68272K, reserved 1107968K
  class space    used 8441K, capacity 9115K, committed 9136K, reserved 1048576K
}
Event: 267.652 GC heap before
{Heap before GC invocations=35 (full 3):
 PSYoungGen      total 171008K, used 159370K [0x00000000e0000000, 0x00000000ec700000, 0x0000000100000000)
  eden space 144896K, 100% used [0x00000000e0000000,0x00000000e8d80000,0x00000000e8d80000)
  from space 26112K, 55% used [0x00000000e8d80000,0x00000000e9ba2b18,0x00000000ea700000)
  to   space 25600K, 0% used [0x00000000eae00000,0x00000000eae00000,0x00000000ec700000)
 ParOldGen       total 139776K, used 35617K [0x00000000a0000000, 0x00000000a8880000, 0x00000000e0000000)
  object space 139776K, 25% used [0x00000000a0000000,0x00000000a22c8698,0x00000000a8880000)
 Metaspace       used 66477K, capacity 69422K, committed 69808K, reserved 1110016K
  class space    used 8575K, capacity 9281K, committed 9392K, reserved 1048576K
Event: 267.664 GC heap after
Heap after GC invocations=35 (full 3):
 PSYoungGen      total 178176K, used 13433K [0x00000000e0000000, 0x00000000ec600000, 0x0000000100000000)
  eden space 153600K, 0% used [0x00000000e0000000,0x00000000e0000000,0x00000000e9600000)
  from space 24576K, 54% used [0x00000000eae00000,0x00000000ebb1e508,0x00000000ec600000)
  to   space 24576K, 0% used [0x00000000e9600000,0x00000000e9600000,0x00000000eae00000)
 ParOldGen       total 139776K, used 35625K [0x00000000a0000000, 0x00000000a8880000, 0x00000000e0000000)
  object space 139776K, 25% used [0x00000000a0000000,0x00000000a22ca698,0x00000000a8880000)
 Metaspace       used 66477K, capacity 69422K, committed 69808K, reserved 1110016K
  class space    used 8575K, capacity 9281K, committed 9392K, reserved 1048576K
}

Deoptimization events (10 events):
Event: 267.424 Thread 0x000000001acc8000 Uncommon trap: reason=unstable_if action=reinterpret pc=0x00000000029d4924 method=java.lang.String.replace(CC)Ljava/lang/String; @ 2
Event: 267.436 Thread 0x000000001acc8000 Uncommon trap: reason=unstable_if action=reinterpret pc=0x0000000003fa75f8 method=org.codehaus.groovy.runtime.metaclass.MetaMethodIndex.copyNonPrivateNonNewMetaMethods(Lorg/codehaus/groovy/runtime/metaclass/MetaMethodIndex$Entry;Lorg/codehaus/groovy/runti
Event: 267.437 Thread 0x000000001acc8000 Uncommon trap: reason=unstable_if action=reinterpret pc=0x00000000035e10a0 method=groovy.lang.MetaClassImpl$1MOPIter.methodNameAction(Ljava/lang/Class;Lorg/codehaus/groovy/runtime/metaclass/MetaMethodIndex$Entry;)V @ 182
Event: 267.681 Thread 0x000000001acc8000 Uncommon trap: reason=unstable_if action=reinterpret pc=0x0000000002bd5724 method=java.lang.String.lastIndexOf([CII[CIII)I @ 17
Event: 267.681 Thread 0x000000001acc8000 Uncommon trap: reason=unstable_if action=reinterpret pc=0x00000000035f79a0 method=sun.net.www.protocol.jar.Handler.parseURL(Ljava/net/URL;Ljava/lang/String;II)V @ 94
Event: 267.858 Thread 0x000000001acc8000 Uncommon trap: reason=class_check action=maybe_recompile pc=0x0000000002dfda94 method=java.util.Collections$SynchronizedCollection.add(Ljava/lang/Object;)Z @ 12
Event: 268.047 Thread 0x000000001acc8000 Uncommon trap: reason=unstable_if action=reinterpret pc=0x000000000451c0f8 method=java.io.WinNTFileSystem.normalize(Ljava/lang/String;)Ljava/lang/String; @ 74
Event: 268.047 Thread 0x000000001acc8000 Uncommon trap: reason=unstable_if action=reinterpret pc=0x0000000002e90384 method=java.io.WinNTFileSystem.normalize(Ljava/lang/String;II)Ljava/lang/String; @ 103
Event: 268.047 Thread 0x000000001acc8000 Uncommon trap: reason=unstable_if action=reinterpret pc=0x0000000002925cd0 method=java.io.WinNTFileSystem.normalize(Ljava/lang/String;)Ljava/lang/String; @ 74
Event: 268.131 Thread 0x000000001acc8000 Uncommon trap: reason=unstable_if action=reinterpret pc=0x0000000003285250 method=com.google.common.collect.ImmutableSet.construct(I[Ljava/lang/Object;)Lcom/google/common/collect/ImmutableSet; @ 175

Classes redefined (0 events):
No events

Internal exceptions (10 events):
Event: 268.722 Thread 0x000000001acc8000 Exception <a 'java/lang/ClassNotFoundException': build_asu3ydiu3gtrcr22ycgkmyya9Customizer> (0x00000000e3ac4fa8) thrown at [D:\src\AOSP-openjdk-cygwin\jdk8u\hotspot\src\share\vm\classfile\systemDictionary.cpp, line 210]
Event: 268.793 Thread 0x000000001acc8000 Exception <a 'java/lang/ClassNotFoundException': build_asu3ydiu3gtrcr22ycgkmyya9BeanInfo> (0x00000000e40dedc8) thrown at [D:\src\AOSP-openjdk-cygwin\jdk8u\hotspot\src\share\vm\classfile\systemDictionary.cpp, line 210]
Event: 268.793 Thread 0x000000001acc8000 Exception <a 'java/lang/ClassNotFoundException': build_asu3ydiu3gtrcr22ycgkmyya9Customizer> (0x00000000e40eba38) thrown at [D:\src\AOSP-openjdk-cygwin\jdk8u\hotspot\src\share\vm\classfile\systemDictionary.cpp, line 210]
Event: 268.936 Thread 0x000000001acc8000 Exception <a 'java/lang/ClassNotFoundException': build_35cvcik06p85g1xpn0elp3tw6BeanInfo> (0x00000000e4781ec0) thrown at [D:\src\AOSP-openjdk-cygwin\jdk8u\hotspot\src\share\vm\classfile\systemDictionary.cpp, line 210]
Event: 268.936 Thread 0x000000001acc8000 Exception <a 'java/lang/ClassNotFoundException': build_35cvcik06p85g1xpn0elp3tw6Customizer> (0x00000000e478ebd0) thrown at [D:\src\AOSP-openjdk-cygwin\jdk8u\hotspot\src\share\vm\classfile\systemDictionary.cpp, line 210]
Event: 268.944 Thread 0x000000001acc8000 Exception <a 'java/lang/ClassNotFoundException': org/gradle/api/internal/artifacts/repositories/DefaultMavenArtifactRepository_DecoratedBeanInfo> (0x00000000e48de1b0) thrown at [D:\src\AOSP-openjdk-cygwin\jdk8u\hotspot\src\share\vm\classfile\systemDiction
Event: 268.945 Thread 0x000000001acc8000 Exception <a 'java/lang/ClassNotFoundException': org/gradle/api/internal/artifacts/repositories/DefaultMavenArtifactRepositoryBeanInfo> (0x00000000e4939ae0) thrown at [D:\src\AOSP-openjdk-cygwin\jdk8u\hotspot\src\share\vm\classfile\systemDictionary.cpp, l
Event: 268.946 Thread 0x000000001acc8000 Exception <a 'java/lang/ClassNotFoundException': org/gradle/api/internal/artifacts/repositories/AbstractAuthenticationSupportedRepositoryBeanInfo> (0x00000000e499de98) thrown at [D:\src\AOSP-openjdk-cygwin\jdk8u\hotspot\src\share\vm\classfile\systemDictio
Event: 268.947 Thread 0x000000001acc8000 Exception <a 'java/lang/ClassNotFoundException': org/gradle/api/internal/artifacts/repositories/AbstractResolutionAwareArtifactRepositoryBeanInfo> (0x00000000e4a02360) thrown at [D:\src\AOSP-openjdk-cygwin\jdk8u\hotspot\src\share\vm\classfile\systemDictio
Event: 268.947 Thread 0x000000001acc8000 Exception <a 'java/lang/ClassNotFoundException': org/gradle/api/internal/artifacts/repositories/AbstractArtifactRepositoryBeanInfo> (0x00000000e4a5a4d0) thrown at [D:\src\AOSP-openjdk-cygwin\jdk8u\hotspot\src\share\vm\classfile\systemDictionary.cpp, line 

Events (10 events):
Event: 268.947 loading class org/gradle/api/internal/artifacts/repositories/AbstractArtifactRepositoryBeanInfo
Event: 268.947 loading class org/gradle/api/internal/artifacts/repositories/AbstractArtifactRepositoryBeanInfo done
Event: 268.947 loading class org/gradle/api/internal/artifacts/repositories/AbstractArtifactRepositoryBeanInfo
Event: 268.947 loading class org/gradle/api/internal/artifacts/repositories/AbstractArtifactRepositoryBeanInfo done
Event: 268.947 loading class org/gradle/api/internal/artifacts/repositories/AbstractArtifactRepositoryBeanInfo
Event: 268.947 loading class org/gradle/api/internal/artifacts/repositories/AbstractArtifactRepositoryBeanInfo done
Event: 268.947 loading class org/gradle/api/internal/artifacts/repositories/AbstractArtifactRepositoryBeanInfo
Event: 268.947 loading class org/gradle/api/internal/artifacts/repositories/AbstractArtifactRepositoryBeanInfo done
Event: 268.948 loading class org/gradle/api/internal/artifacts/repositories/AbstractArtifactRepositoryCustomizer
Event: 268.948 loading class org/gradle/api/internal/artifacts/repositories/AbstractArtifactRepositoryCustomizer done


Dynamic libraries:
0x00007ff6b1610000 - 0x00007ff6b1641000 	C:\Program Files\Android\Android Studio\jre\bin\java.exe
0x00007ff818c40000 - 0x00007ff818e30000 	C:\WINDOWS\SYSTEM32\ntdll.dll
0x00007ff818580000 - 0x00007ff818632000 	C:\WINDOWS\System32\KERNEL32.DLL
0x00007ff815ee0000 - 0x00007ff816184000 	C:\WINDOWS\System32\KERNELBASE.dll
0x00007ff818800000 - 0x00007ff8188a3000 	C:\WINDOWS\System32\ADVAPI32.dll
0x00007ff818340000 - 0x00007ff8183de000 	C:\WINDOWS\System32\msvcrt.dll
0x00007ff818640000 - 0x00007ff8186d7000 	C:\WINDOWS\System32\sechost.dll
0x00007ff8186e0000 - 0x00007ff818800000 	C:\WINDOWS\System32\RPCRT4.dll
0x00007ff8183e0000 - 0x00007ff818574000 	C:\WINDOWS\System32\USER32.dll
0x00007ff815bd0000 - 0x00007ff815bf1000 	C:\WINDOWS\System32\win32u.dll
0x00007ff817a70000 - 0x00007ff817a96000 	C:\WINDOWS\System32\GDI32.dll
0x00007ff815ce0000 - 0x00007ff815e75000 	C:\WINDOWS\System32\gdi32full.dll
0x00007ff816c50000 - 0x00007ff816cee000 	C:\WINDOWS\System32\msvcp_win.dll
0x00007ff816990000 - 0x00007ff816a8a000 	C:\WINDOWS\System32\ucrtbase.dll
0x00007ff80c470000 - 0x00007ff80c6f4000 	C:\WINDOWS\WinSxS\amd64_microsoft.windows.common-controls_6595b64144ccf1df_6.0.18362.900_none_e6beb9d913147d17\COMCTL32.dll
0x00007ff816d50000 - 0x00007ff817085000 	C:\WINDOWS\System32\combase.dll
0x00007ff816190000 - 0x00007ff816210000 	C:\WINDOWS\System32\bcryptPrimitives.dll
0x00007ff817a10000 - 0x00007ff817a3e000 	C:\WINDOWS\System32\IMM32.DLL
0x0000000059440000 - 0x0000000059512000 	C:\Program Files\Android\Android Studio\jre\jre\bin\msvcr100.dll
0x00000000585e0000 - 0x0000000058e26000 	C:\Program Files\Android\Android Studio\jre\jre\bin\server\jvm.dll
0x00007ff817a60000 - 0x00007ff817a68000 	C:\WINDOWS\System32\PSAPI.DLL
0x00007ff813610000 - 0x00007ff813634000 	C:\WINDOWS\SYSTEM32\WINMM.dll
0x00007ff811430000 - 0x00007ff81143a000 	C:\WINDOWS\SYSTEM32\VERSION.dll
0x00007fffd7020000 - 0x00007fffd7029000 	C:\WINDOWS\SYSTEM32\WSOCK32.dll
0x00007ff818b90000 - 0x00007ff818bff000 	C:\WINDOWS\System32\WS2_32.dll
0x00007ff813400000 - 0x00007ff81342d000 	C:\WINDOWS\SYSTEM32\WINMMBASE.dll
0x00007ff816ab0000 - 0x00007ff816afa000 	C:\WINDOWS\System32\cfgmgr32.dll
0x00007ff809f60000 - 0x00007ff809f6f000 	C:\Program Files\Android\Android Studio\jre\jre\bin\verify.dll
0x00007ff8098b0000 - 0x00007ff8098d9000 	C:\Program Files\Android\Android Studio\jre\jre\bin\java.dll
0x00007ff804860000 - 0x00007ff804876000 	C:\Program Files\Android\Android Studio\jre\jre\bin\zip.dll
0x00007ff817c50000 - 0x00007ff818336000 	C:\WINDOWS\System32\SHELL32.dll
0x00007ff817aa0000 - 0x00007ff817b49000 	C:\WINDOWS\System32\shcore.dll
0x00007ff816210000 - 0x00007ff816990000 	C:\WINDOWS\System32\windows.storage.dll
0x00007ff815b10000 - 0x00007ff815b33000 	C:\WINDOWS\System32\profapi.dll
0x00007ff815b40000 - 0x00007ff815b8a000 	C:\WINDOWS\System32\powrprof.dll
0x00007ff815b00000 - 0x00007ff815b10000 	C:\WINDOWS\System32\UMPDC.dll
0x00007ff816cf0000 - 0x00007ff816d42000 	C:\WINDOWS\System32\shlwapi.dll
0x00007ff815bb0000 - 0x00007ff815bc1000 	C:\WINDOWS\System32\kernel.appcore.dll
0x00007ff816a90000 - 0x00007ff816aa7000 	C:\WINDOWS\System32\cryptsp.dll
0x00007ff809e80000 - 0x00007ff809e9a000 	C:\Program Files\Android\Android Studio\jre\jre\bin\net.dll
0x00007ff807db0000 - 0x00007ff807f86000 	C:\WINDOWS\SYSTEM32\urlmon.dll
0x00007ff8080b0000 - 0x00007ff808356000 	C:\WINDOWS\SYSTEM32\iertutil.dll
0x00007ff815540000 - 0x00007ff81554c000 	C:\WINDOWS\SYSTEM32\CRYPTBASE.DLL
0x00007ff815370000 - 0x00007ff8153d7000 	C:\WINDOWS\system32\mswsock.dll
0x00007ff802670000 - 0x00007ff802683000 	C:\Program Files\Android\Android Studio\jre\jre\bin\nio.dll
0x00007ff810d50000 - 0x00007ff810d77000 	C:\Users\Amos Mwiti\.gradle\native\c976cfcca226fdd4bee4412e95191dd41148b7504f9625baeda1d523bc39a967\windows-amd64\native-platform.dll
0x00007ff802470000 - 0x00007ff80247d000 	C:\Program Files\Android\Android Studio\jre\jre\bin\management.dll
0x00007ff814ee0000 - 0x00007ff814f13000 	C:\WINDOWS\system32\rsaenh.dll
0x00007ff815c00000 - 0x00007ff815c26000 	C:\WINDOWS\System32\bcrypt.dll
0x00007ff8159f0000 - 0x00007ff815a15000 	C:\WINDOWS\SYSTEM32\USERENV.dll
0x00007ff815080000 - 0x00007ff8150ba000 	C:\WINDOWS\SYSTEM32\IPHLPAPI.DLL
0x00007ff817090000 - 0x00007ff817098000 	C:\WINDOWS\System32\NSI.dll
0x00007ff80b380000 - 0x00007ff80b396000 	C:\WINDOWS\SYSTEM32\dhcpcsvc6.DLL
0x00007ff80b2f0000 - 0x00007ff80b30c000 	C:\WINDOWS\SYSTEM32\dhcpcsvc.DLL
0x00007ff8150c0000 - 0x00007ff81518b000 	C:\WINDOWS\SYSTEM32\DNSAPI.dll
0x00007fffff2b0000 - 0x00007fffff2d4000 	C:\Program Files\Android\Android Studio\jre\jre\bin\sunec.dll
0x00007ff80b0d0000 - 0x00007ff80b0da000 	C:\Windows\System32\rasadhlp.dll
0x00007ff80b490000 - 0x00007ff80b507000 	C:\WINDOWS\System32\fwpuclnt.dll
0x00007ff805120000 - 0x00007ff80512b000 	C:\Program Files\Android\Android Studio\jre\jre\bin\sunmscapi.dll
0x00007ff816b00000 - 0x00007ff816c49000 	C:\WINDOWS\System32\CRYPT32.dll
0x00007ff815b90000 - 0x00007ff815ba2000 	C:\WINDOWS\System32\MSASN1.dll

VM Arguments:
jvm_args: -Xmx1536M -Dfile.encoding=windows-1252 -Duser.country=US -Duser.language=en -Duser.variant 
java_command: org.gradle.launcher.daemon.bootstrap.GradleDaemon 6.3
java_class_path (initial): C:\Users\Amos Mwiti\.gradle\wrapper\dists\gradle-6.3-all\b4awcolw9l59x95tu1obfh9i8\gradle-6.3\lib\gradle-launcher-6.3.jar
Launcher Type: SUN_STANDARD

Environment Variables:
PATH=C:\Program Files\Python38\Scripts\;C:\Program Files\Python38\;C:\Program Files\Python\Scripts\;C:\Program Files\Python\;C:\Program Files (x86)\Python\Scripts\;C:\Program Files (x86)\Python\;C:\Program Files (x86)\Common Files\Oracle\Java\javapath;C:\WINDOWS\system32;C:\WINDOWS;C:\WINDOWS\System32\Wbem;C:\WINDOWS\System32\WindowsPowerShell\v1.0\;C:\WINDOWS\System32\OpenSSH\;C:\Program Files (x86)\Java\jre1.8.0_221;C:\Program Files\Java\jdk-12.0.2\bin;C:\xampp\php;C:\Users\Amos Mwiti\AppData\Local\Microsoft\WindowsApps;C:\Users\Amos Mwiti\AppData\Local\Programs\Microsoft VS Code\bin;C:\FlutterDev\flutter\bin;
USERNAME=Amos Mwiti
OS=Windows_NT
PROCESSOR_IDENTIFIER=Intel64 Family 6 Model 42 Stepping 7, GenuineIntel



---------------  S Y S T E M  ---------------

OS: Windows 10.0 , 64 bit Build 18362 (10.0.18362.900)

CPU:total 8 (initial active 8) (4 cores per cpu, 2 threads per core) family 6 model 42 stepping 7, cmov, cx8, fxsr, mmx, sse, sse2, sse3, ssse3, sse4.1, sse4.2, popcnt, avx, aes, clmul, ht, tsc, tscinvbit

Memory: 4k page, physical 8300716k(941884k free), swap 12210348k(2060k free)

vm_info: OpenJDK 64-Bit Server VM (25.212-b04) for windows-amd64 JRE (1.8.0_212-release-1586-b04), built by "builder" with MS VC++ 10.0 (VS2010)

time: Sat Jun 13 08:04:21 2020
timezone: Pacific Daylight Time
elapsed time: 268 seconds (0d 0h 4m 28s)

